<?xml version="1.0" encoding="UTF-8"?>
<testng-results skipped="0" failed="1" ignored="1" total="3" passed="1">
  <reporter-output>
  </reporter-output>
  <suite name="Regression Suite" duration-ms="16505" started-at="2020-05-30T14:35:35 EDT" finished-at="2020-05-30T14:35:52 EDT">
    <groups>
      <group name="regression">
        <method signature="LoginPageTest_TestNG.InvalidPasswordAdminLogin()[pri:0, instance:com.hrms.testcases.LoginPageTest_TestNG@4493d195]" name="InvalidPasswordAdminLogin" class="com.hrms.testcases.LoginPageTest_TestNG"/>
        <method signature="LoginPageTest_TestNG.emptyUsername()[pri:0, instance:com.hrms.testcases.LoginPageTest_TestNG@4493d195]" name="emptyUsername" class="com.hrms.testcases.LoginPageTest_TestNG"/>
      </group> <!-- regression -->
    </groups>
    <test name="Regression Test" duration-ms="16505" started-at="2020-05-30T14:35:35 EDT" finished-at="2020-05-30T14:35:52 EDT">
      <class name="com.hrms.testcases.LoginPageTest_TestNG">
        <test-method status="PASS" signature="setUp()[pri:0, instance:com.hrms.testcases.LoginPageTest_TestNG@4493d195]" name="setUp" is-config="true" duration-ms="7820" started-at="2020-05-30T14:35:35 EDT" finished-at="2020-05-30T14:35:43 EDT">
          <reporter-output>
          </reporter-output>
        </test-method> <!-- setUp -->
        <test-method status="PASS" signature="InvalidPasswordAdminLogin()[pri:0, instance:com.hrms.testcases.LoginPageTest_TestNG@4493d195]" name="InvalidPasswordAdminLogin" duration-ms="2067" started-at="2020-05-30T14:35:43 EDT" finished-at="2020-05-30T14:35:45 EDT">
          <reporter-output>
          </reporter-output>
        </test-method> <!-- InvalidPasswordAdminLogin -->
        <test-method status="PASS" signature="tearDown()[pri:0, instance:com.hrms.testcases.LoginPageTest_TestNG@4493d195]" name="tearDown" is-config="true" duration-ms="139" started-at="2020-05-30T14:35:46 EDT" finished-at="2020-05-30T14:35:46 EDT">
          <reporter-output>
          </reporter-output>
        </test-method> <!-- tearDown -->
        <test-method status="PASS" signature="setUp()[pri:0, instance:com.hrms.testcases.LoginPageTest_TestNG@4493d195]" name="setUp" is-config="true" duration-ms="4693" started-at="2020-05-30T14:35:46 EDT" finished-at="2020-05-30T14:35:51 EDT">
          <reporter-output>
          </reporter-output>
        </test-method> <!-- setUp -->
        <test-method status="FAIL" signature="emptyUsername()[pri:0, instance:com.hrms.testcases.LoginPageTest_TestNG@4493d195]" name="emptyUsername" duration-ms="742" started-at="2020-05-30T14:35:51 EDT" finished-at="2020-05-30T14:35:51 EDT">
          <exception class="java.lang.AssertionError">
            <message>
              <![CDATA[Username cannot be empty expected:<Username cannot be empty> but was:<Error Messages doesn't match>]]>
            </message>
            <full-stacktrace>
              <![CDATA[java.lang.AssertionError: Username cannot be empty expected:<Username cannot be empty> but was:<Error Messages doesn't match>
at org.testng.AssertJUnit.assertEquals(AssertJUnit.java:82)
at com.hrms.testcases.LoginPageTest_TestNG.emptyUsername(LoginPageTest_TestNG.java:51)
at sun.reflect.NativeMethodAccessorImpl.invoke0(Native Method)
at sun.reflect.NativeMethodAccessorImpl.invoke(NativeMethodAccessorImpl.java:62)
at sun.reflect.DelegatingMethodAccessorImpl.invoke(DelegatingMethodAccessorImpl.java:43)
at java.lang.reflect.Method.invoke(Method.java:498)
at org.testng.internal.MethodInvocationHelper.invokeMethod(MethodInvocationHelper.java:134)
at org.testng.internal.TestInvoker.invokeMethod(TestInvoker.java:597)
at org.testng.internal.TestInvoker.invokeTestMethod(TestInvoker.java:173)
at org.testng.internal.MethodRunner.runInSequence(MethodRunner.java:46)
at org.testng.internal.TestInvoker$MethodInvocationAgent.invoke(TestInvoker.java:816)
at org.testng.internal.TestInvoker.invokeTestMethods(TestInvoker.java:146)
at org.testng.internal.TestMethodWorker.invokeTestMethods(TestMethodWorker.java:146)
at org.testng.internal.TestMethodWorker.run(TestMethodWorker.java:128)
at java.util.ArrayList.forEach(ArrayList.java:1257)
at org.testng.TestRunner.privateRun(TestRunner.java:766)
at org.testng.TestRunner.run(TestRunner.java:587)
at org.testng.SuiteRunner.runTest(SuiteRunner.java:384)
at org.testng.SuiteRunner.runSequentially(SuiteRunner.java:378)
at org.testng.SuiteRunner.privateRun(SuiteRunner.java:337)
at org.testng.SuiteRunner.run(SuiteRunner.java:286)
at org.testng.SuiteRunnerWorker.runSuite(SuiteRunnerWorker.java:53)
at org.testng.SuiteRunnerWorker.run(SuiteRunnerWorker.java:96)
at org.testng.TestNG.runSuitesSequentially(TestNG.java:1187)
at org.testng.TestNG.runSuitesLocally(TestNG.java:1109)
at org.testng.TestNG.runSuites(TestNG.java:1039)
at org.testng.TestNG.run(TestNG.java:1007)
at org.testng.remote.AbstractRemoteTestNG.run(AbstractRemoteTestNG.java:115)
at org.testng.remote.RemoteTestNG.initAndRun(RemoteTestNG.java:251)
at org.testng.remote.RemoteTestNG.main(RemoteTestNG.java:77)
]]>
            </full-stacktrace>
          </exception> <!-- java.lang.AssertionError -->
          <reporter-output>
          </reporter-output>
        </test-method> <!-- emptyUsername -->
        <test-method status="PASS" signature="tearDown()[pri:0, instance:com.hrms.testcases.LoginPageTest_TestNG@4493d195]" name="tearDown" is-config="true" duration-ms="86" started-at="2020-05-30T14:35:52 EDT" finished-at="2020-05-30T14:35:52 EDT">
          <reporter-output>
          </reporter-output>
        </test-method> <!-- tearDown -->
      </class> <!-- com.hrms.testcases.LoginPageTest_TestNG -->
    </test> <!-- Regression Test -->
  </suite> <!-- Regression Suite -->
</testng-results>
